[DEBUG] 2025-05-25 16:04:54 - Starting new HTTPS connection (1): www.flipkart.com:443
[DEBUG] 2025-05-25 16:04:54 - https://www.flipkart.com:443 "GET /noise-colorfit-icon-2-1-8-display-bluetooth-calling-ai-voice-assistant-smartwatch/p/itm951e094061071?pid=SMWGEH7WGUSZCT4W&lid=LSTSMWGEH7WGUSZCT4WUGZAKG&marketplace=FLIPKART&store=ajy&srno=b_1_13&otracker=browse&fm=organic&iid=af2b58d3-beab-433c-bee9-0ad391f8cf41.SMWGEH7WGUSZCT4W.SEARCH&ppt=browse&ppn=browse&ssid=4fk93emf400000001748160795286 HTTP/1.1" 200 None
[DEBUG] 2025-05-25 16:04:55 - Starting new HTTPS connection (1): www.flipkart.com:443
[DEBUG] 2025-05-25 16:04:56 - https://www.flipkart.com:443 "GET /apple-iphone-16-black-128-gb/p/itmb07d67f995271?pid=MOBH4DQFG8NKFRDY&lid=LSTMOBH4DQFG8NKFRDYNBDOZI&marketplace=FLIPKART&q=iphone+16&store=tyy%2F4io&spotlightTagId=default_BestsellerId_tyy%2F4io&srno=s_1_1&otracker=AS_QueryStore_OrganicAutoSuggest_2_5_na_na_na&otracker1=AS_QueryStore_OrganicAutoSuggest_2_5_na_na_na&fm=search-autosuggest&iid=3211bec0-5b98-419a-8e5c-e71f11c719e4.MOBH4DQFG8NKFRDY.SEARCH&ppt=sp&ppn=sp&ssid=aihmmp63vk0000001748161159430&qH=9ea15d2374058112 HTTP/1.1" 200 None
[INFO] 2025-05-25 16:05:01 - Starting price check...
[DEBUG] 2025-05-25 16:05:01 - Starting new HTTPS connection (1): www.flipkart.com:443
[DEBUG] 2025-05-25 16:05:02 - https://www.flipkart.com:443 "GET /noise-colorfit-icon-2-1-8-display-bluetooth-calling-ai-voice-assistant-smartwatch/p/itm951e094061071?pid=SMWGEH7WGUSZCT4W&lid=LSTSMWGEH7WGUSZCT4WUGZAKG&marketplace=FLIPKART&store=ajy&srno=b_1_13&otracker=browse&fm=organic&iid=af2b58d3-beab-433c-bee9-0ad391f8cf41.SMWGEH7WGUSZCT4W.SEARCH&ppt=browse&ppn=browse&ssid=4fk93emf400000001748160795286 HTTP/1.1" 200 None
[DEBUG] 2025-05-25 16:05:07 - Starting new HTTPS connection (1): www.flipkart.com:443
[DEBUG] 2025-05-25 16:05:08 - https://www.flipkart.com:443 "GET /apple-iphone-16-black-128-gb/p/itmb07d67f995271?pid=MOBH4DQFG8NKFRDY&lid=LSTMOBH4DQFG8NKFRDYNBDOZI&marketplace=FLIPKART&q=iphone+16&store=tyy%2F4io&spotlightTagId=default_BestsellerId_tyy%2F4io&srno=s_1_1&otracker=AS_QueryStore_OrganicAutoSuggest_2_5_na_na_na&otracker1=AS_QueryStore_OrganicAutoSuggest_2_5_na_na_na&fm=search-autosuggest&iid=3211bec0-5b98-419a-8e5c-e71f11c719e4.MOBH4DQFG8NKFRDY.SEARCH&ppt=sp&ppn=sp&ssid=aihmmp63vk0000001748161159430&qH=9ea15d2374058112 HTTP/1.1" 200 None
[INFO] 2025-05-25 16:05:13 - Price check completed.
[INFO] 2025-05-25 16:05:13 - Scheduled every 5 hours.
[DEBUG] 2025-05-25 16:10:13 - Running job Job(interval=5, unit=minutes, do=check_prices, args=(), kwargs={})
[INFO] 2025-05-25 16:10:13 - Starting price check...
[DEBUG] 2025-05-25 16:10:13 - Starting new HTTPS connection (1): www.flipkart.com:443
[DEBUG] 2025-05-25 16:10:13 - https://www.flipkart.com:443 "GET /noise-colorfit-icon-2-1-8-display-bluetooth-calling-ai-voice-assistant-smartwatch/p/itm951e094061071?pid=SMWGEH7WGUSZCT4W&lid=LSTSMWGEH7WGUSZCT4WUGZAKG&marketplace=FLIPKART&store=ajy&srno=b_1_13&otracker=browse&fm=organic&iid=af2b58d3-beab-433c-bee9-0ad391f8cf41.SMWGEH7WGUSZCT4W.SEARCH&ppt=browse&ppn=browse&ssid=4fk93emf400000001748160795286 HTTP/1.1" 200 None
[INFO] 2025-05-25 16:10:14 - Price alert: Noise Colorfit Icon 2 1.8'' Display with Bluetooth Calling, AI Voice Assistant Smartwatch  (Silver Grey Strap, Regular) < threshold
[DEBUG] 2025-05-25 16:10:19 - Starting new HTTPS connection (1): www.flipkart.com:443
[DEBUG] 2025-05-25 16:10:19 - https://www.flipkart.com:443 "GET /apple-iphone-16-black-128-gb/p/itmb07d67f995271?pid=MOBH4DQFG8NKFRDY&lid=LSTMOBH4DQFG8NKFRDYNBDOZI&marketplace=FLIPKART&q=iphone+16&store=tyy%2F4io&spotlightTagId=default_BestsellerId_tyy%2F4io&srno=s_1_1&otracker=AS_QueryStore_OrganicAutoSuggest_2_5_na_na_na&otracker1=AS_QueryStore_OrganicAutoSuggest_2_5_na_na_na&fm=search-autosuggest&iid=3211bec0-5b98-419a-8e5c-e71f11c719e4.MOBH4DQFG8NKFRDY.SEARCH&ppt=sp&ppn=sp&ssid=aihmmp63vk0000001748161159430&qH=9ea15d2374058112 HTTP/1.1" 200 None
[INFO] 2025-05-25 16:10:20 - Price check completed.
[DEBUG] 2025-05-25 16:15:20 - Running job Job(interval=5, unit=minutes, do=check_prices, args=(), kwargs={})
[INFO] 2025-05-25 16:15:20 - Starting price check...
[DEBUG] 2025-05-25 16:15:20 - Starting new HTTPS connection (1): www.flipkart.com:443
[DEBUG] 2025-05-25 16:15:21 - https://www.flipkart.com:443 "GET /noise-colorfit-icon-2-1-8-display-bluetooth-calling-ai-voice-assistant-smartwatch/p/itm951e094061071?pid=SMWGEH7WGUSZCT4W&lid=LSTSMWGEH7WGUSZCT4WUGZAKG&marketplace=FLIPKART&store=ajy&srno=b_1_13&otracker=browse&fm=organic&iid=af2b58d3-beab-433c-bee9-0ad391f8cf41.SMWGEH7WGUSZCT4W.SEARCH&ppt=browse&ppn=browse&ssid=4fk93emf400000001748160795286 HTTP/1.1" 200 None
[INFO] 2025-05-25 16:15:22 - Price alert: Noise Colorfit Icon 2 1.8'' Display with Bluetooth Calling, AI Voice Assistant Smartwatch  (Silver Grey Strap, Regular) < threshold
[DEBUG] 2025-05-25 16:15:26 - Starting new HTTPS connection (1): www.flipkart.com:443
[DEBUG] 2025-05-25 16:15:27 - https://www.flipkart.com:443 "GET /apple-iphone-16-black-128-gb/p/itmb07d67f995271?pid=MOBH4DQFG8NKFRDY&lid=LSTMOBH4DQFG8NKFRDYNBDOZI&marketplace=FLIPKART&q=iphone+16&store=tyy%2F4io&spotlightTagId=default_BestsellerId_tyy%2F4io&srno=s_1_1&otracker=AS_QueryStore_OrganicAutoSuggest_2_5_na_na_na&otracker1=AS_QueryStore_OrganicAutoSuggest_2_5_na_na_na&fm=search-autosuggest&iid=3211bec0-5b98-419a-8e5c-e71f11c719e4.MOBH4DQFG8NKFRDY.SEARCH&ppt=sp&ppn=sp&ssid=aihmmp63vk0000001748161159430&qH=9ea15d2374058112 HTTP/1.1" 200 None
[INFO] 2025-05-25 16:15:27 - Price check completed.
[DEBUG] 2025-05-26 10:53:45 - Starting new HTTPS connection (1): www.flipkart.com:443
[DEBUG] 2025-05-26 10:53:46 - https://www.flipkart.com:443 "GET /noise-colorfit-icon-2-1-8-display-bluetooth-calling-ai-voice-assistant-smartwatch/p/itm951e094061071?pid=SMWGEH7WGUSZCT4W&lid=LSTSMWGEH7WGUSZCT4WUGZAKG&marketplace=FLIPKART&store=ajy&srno=b_1_13&otracker=browse&fm=organic&iid=af2b58d3-beab-433c-bee9-0ad391f8cf41.SMWGEH7WGUSZCT4W.SEARCH&ppt=browse&ppn=browse&ssid=4fk93emf400000001748160795286 HTTP/1.1" 200 None
[DEBUG] 2025-05-26 10:53:47 - Starting new HTTPS connection (1): www.flipkart.com:443
[DEBUG] 2025-05-26 10:53:48 - https://www.flipkart.com:443 "GET /apple-iphone-16-black-128-gb/p/itmb07d67f995271?pid=MOBH4DQFG8NKFRDY&lid=LSTMOBH4DQFG8NKFRDYNBDOZI&marketplace=FLIPKART&q=iphone+16&store=tyy%2F4io&spotlightTagId=default_BestsellerId_tyy%2F4io&srno=s_1_1&otracker=AS_QueryStore_OrganicAutoSuggest_2_5_na_na_na&otracker1=AS_QueryStore_OrganicAutoSuggest_2_5_na_na_na&fm=search-autosuggest&iid=3211bec0-5b98-419a-8e5c-e71f11c719e4.MOBH4DQFG8NKFRDY.SEARCH&ppt=sp&ppn=sp&ssid=aihmmp63vk0000001748161159430&qH=9ea15d2374058112 HTTP/1.1" 200 None
[INFO] 2025-05-26 10:53:54 - Starting price check...
[DEBUG] 2025-05-26 10:53:54 - Starting new HTTPS connection (1): www.flipkart.com:443
[DEBUG] 2025-05-26 10:53:55 - https://www.flipkart.com:443 "GET /noise-colorfit-icon-2-1-8-display-bluetooth-calling-ai-voice-assistant-smartwatch/p/itm951e094061071?pid=SMWGEH7WGUSZCT4W&lid=LSTSMWGEH7WGUSZCT4WUGZAKG&marketplace=FLIPKART&store=ajy&srno=b_1_13&otracker=browse&fm=organic&iid=af2b58d3-beab-433c-bee9-0ad391f8cf41.SMWGEH7WGUSZCT4W.SEARCH&ppt=browse&ppn=browse&ssid=4fk93emf400000001748160795286 HTTP/1.1" 200 None
[DEBUG] 2025-05-26 10:54:01 - Starting new HTTPS connection (1): www.flipkart.com:443
[DEBUG] 2025-05-26 10:54:02 - https://www.flipkart.com:443 "GET /apple-iphone-16-black-128-gb/p/itmb07d67f995271?pid=MOBH4DQFG8NKFRDY&lid=LSTMOBH4DQFG8NKFRDYNBDOZI&marketplace=FLIPKART&q=iphone+16&store=tyy%2F4io&spotlightTagId=default_BestsellerId_tyy%2F4io&srno=s_1_1&otracker=AS_QueryStore_OrganicAutoSuggest_2_5_na_na_na&otracker1=AS_QueryStore_OrganicAutoSuggest_2_5_na_na_na&fm=search-autosuggest&iid=3211bec0-5b98-419a-8e5c-e71f11c719e4.MOBH4DQFG8NKFRDY.SEARCH&ppt=sp&ppn=sp&ssid=aihmmp63vk0000001748161159430&qH=9ea15d2374058112 HTTP/1.1" 200 None
[INFO] 2025-05-26 10:54:09 - Price check completed.
[INFO] 2025-05-26 10:54:09 - Scheduled every 1 hours.
[DEBUG] 2025-05-26 11:28:42 - Starting new HTTPS connection (1): www.flipkart.com:443
[DEBUG] 2025-05-26 11:28:45 - https://www.flipkart.com:443 "GET /noise-colorfit-icon-2-1-8-display-bluetooth-calling-ai-voice-assistant-smartwatch/p/itm951e094061071?pid=SMWGEH7WGUSZCT4W&lid=LSTSMWGEH7WGUSZCT4WUGZAKG&marketplace=FLIPKART&store=ajy&srno=b_1_13&otracker=browse&fm=organic&iid=af2b58d3-beab-433c-bee9-0ad391f8cf41.SMWGEH7WGUSZCT4W.SEARCH&ppt=browse&ppn=browse&ssid=4fk93emf400000001748160795286 HTTP/1.1" 200 None
[DEBUG] 2025-05-26 11:28:46 - Starting new HTTPS connection (1): www.flipkart.com:443
[DEBUG] 2025-05-26 11:28:47 - https://www.flipkart.com:443 "GET /apple-iphone-16-black-128-gb/p/itmb07d67f995271?pid=MOBH4DQFG8NKFRDY&lid=LSTMOBH4DQFG8NKFRDYNBDOZI&marketplace=FLIPKART&q=iphone+16&store=tyy%2F4io&spotlightTagId=default_BestsellerId_tyy%2F4io&srno=s_1_1&otracker=AS_QueryStore_OrganicAutoSuggest_2_5_na_na_na&otracker1=AS_QueryStore_OrganicAutoSuggest_2_5_na_na_na&fm=search-autosuggest&iid=3211bec0-5b98-419a-8e5c-e71f11c719e4.MOBH4DQFG8NKFRDY.SEARCH&ppt=sp&ppn=sp&ssid=aihmmp63vk0000001748161159430&qH=9ea15d2374058112 HTTP/1.1" 200 None
[INFO] 2025-05-26 11:28:55 - Starting price check...
[DEBUG] 2025-05-26 11:28:55 - Starting new HTTPS connection (1): www.flipkart.com:443
[DEBUG] 2025-05-26 11:28:57 - https://www.flipkart.com:443 "GET /noise-colorfit-icon-2-1-8-display-bluetooth-calling-ai-voice-assistant-smartwatch/p/itm951e094061071?pid=SMWGEH7WGUSZCT4W&lid=LSTSMWGEH7WGUSZCT4WUGZAKG&marketplace=FLIPKART&store=ajy&srno=b_1_13&otracker=browse&fm=organic&iid=af2b58d3-beab-433c-bee9-0ad391f8cf41.SMWGEH7WGUSZCT4W.SEARCH&ppt=browse&ppn=browse&ssid=4fk93emf400000001748160795286 HTTP/1.1" 200 None
[DEBUG] 2025-05-26 11:29:06 - Starting new HTTPS connection (1): www.flipkart.com:443
[DEBUG] 2025-05-26 11:29:08 - https://www.flipkart.com:443 "GET /apple-iphone-16-black-128-gb/p/itmb07d67f995271?pid=MOBH4DQFG8NKFRDY&lid=LSTMOBH4DQFG8NKFRDYNBDOZI&marketplace=FLIPKART&q=iphone+16&store=tyy%2F4io&spotlightTagId=default_BestsellerId_tyy%2F4io&srno=s_1_1&otracker=AS_QueryStore_OrganicAutoSuggest_2_5_na_na_na&otracker1=AS_QueryStore_OrganicAutoSuggest_2_5_na_na_na&fm=search-autosuggest&iid=3211bec0-5b98-419a-8e5c-e71f11c719e4.MOBH4DQFG8NKFRDY.SEARCH&ppt=sp&ppn=sp&ssid=aihmmp63vk0000001748161159430&qH=9ea15d2374058112 HTTP/1.1" 200 None
[INFO] 2025-05-26 11:29:18 - Price check completed.
[INFO] 2025-05-26 11:29:18 - Scheduled every 1 hours.
[DEBUG] 2025-05-26 11:57:58 - Starting new HTTPS connection (1): www.flipkart.com:443
[DEBUG] 2025-05-26 11:57:59 - https://www.flipkart.com:443 "GET /noise-colorfit-icon-2-1-8-display-bluetooth-calling-ai-voice-assistant-smartwatch/p/itm951e094061071?pid=SMWGEH7WGUSZCT4W&lid=LSTSMWGEH7WGUSZCT4WUGZAKG&marketplace=FLIPKART&store=ajy&srno=b_1_13&otracker=browse&fm=organic&iid=af2b58d3-beab-433c-bee9-0ad391f8cf41.SMWGEH7WGUSZCT4W.SEARCH&ppt=browse&ppn=browse&ssid=4fk93emf400000001748160795286 HTTP/1.1" 200 None
[DEBUG] 2025-05-26 11:57:59 - Starting new HTTPS connection (1): www.flipkart.com:443
[DEBUG] 2025-05-26 11:58:00 - https://www.flipkart.com:443 "GET /apple-iphone-16-black-128-gb/p/itmb07d67f995271?pid=MOBH4DQFG8NKFRDY&lid=LSTMOBH4DQFG8NKFRDYNBDOZI&marketplace=FLIPKART&q=iphone+16&store=tyy%2F4io&spotlightTagId=default_BestsellerId_tyy%2F4io&srno=s_1_1&otracker=AS_QueryStore_OrganicAutoSuggest_2_5_na_na_na&otracker1=AS_QueryStore_OrganicAutoSuggest_2_5_na_na_na&fm=search-autosuggest&iid=3211bec0-5b98-419a-8e5c-e71f11c719e4.MOBH4DQFG8NKFRDY.SEARCH&ppt=sp&ppn=sp&ssid=aihmmp63vk0000001748161159430&qH=9ea15d2374058112 HTTP/1.1" 200 None
[INFO] 2025-05-26 11:58:01 - Starting price check...
[DEBUG] 2025-05-26 11:58:01 - Starting new HTTPS connection (1): www.flipkart.com:443
[DEBUG] 2025-05-26 11:58:02 - https://www.flipkart.com:443 "GET /noise-colorfit-icon-2-1-8-display-bluetooth-calling-ai-voice-assistant-smartwatch/p/itm951e094061071?pid=SMWGEH7WGUSZCT4W&lid=LSTSMWGEH7WGUSZCT4WUGZAKG&marketplace=FLIPKART&store=ajy&srno=b_1_13&otracker=browse&fm=organic&iid=af2b58d3-beab-433c-bee9-0ad391f8cf41.SMWGEH7WGUSZCT4W.SEARCH&ppt=browse&ppn=browse&ssid=4fk93emf400000001748160795286 HTTP/1.1" 200 None
[DEBUG] 2025-05-26 12:00:14 - Starting new HTTPS connection (1): www.flipkart.com:443
[DEBUG] 2025-05-26 12:00:15 - https://www.flipkart.com:443 "GET /noise-colorfit-icon-2-1-8-display-bluetooth-calling-ai-voice-assistant-smartwatch/p/itm951e094061071?pid=SMWGEH7WGUSZCT4W&lid=LSTSMWGEH7WGUSZCT4WUGZAKG&marketplace=FLIPKART&store=ajy&srno=b_1_13&otracker=browse&fm=organic&iid=af2b58d3-beab-433c-bee9-0ad391f8cf41.SMWGEH7WGUSZCT4W.SEARCH&ppt=browse&ppn=browse&ssid=4fk93emf400000001748160795286 HTTP/1.1" 200 None
[DEBUG] 2025-05-26 12:00:16 - Starting new HTTPS connection (1): www.flipkart.com:443
[DEBUG] 2025-05-26 12:00:16 - https://www.flipkart.com:443 "GET /apple-iphone-16-black-128-gb/p/itmb07d67f995271?pid=MOBH4DQFG8NKFRDY&lid=LSTMOBH4DQFG8NKFRDYNBDOZI&marketplace=FLIPKART&q=iphone+16&store=tyy%2F4io&spotlightTagId=default_BestsellerId_tyy%2F4io&srno=s_1_1&otracker=AS_QueryStore_OrganicAutoSuggest_2_5_na_na_na&otracker1=AS_QueryStore_OrganicAutoSuggest_2_5_na_na_na&fm=search-autosuggest&iid=3211bec0-5b98-419a-8e5c-e71f11c719e4.MOBH4DQFG8NKFRDY.SEARCH&ppt=sp&ppn=sp&ssid=aihmmp63vk0000001748161159430&qH=9ea15d2374058112 HTTP/1.1" 200 None
[INFO] 2025-05-26 12:00:23 - Starting price check...
[DEBUG] 2025-05-26 12:00:23 - Starting new HTTPS connection (1): www.flipkart.com:443
[DEBUG] 2025-05-26 12:00:24 - https://www.flipkart.com:443 "GET /noise-colorfit-icon-2-1-8-display-bluetooth-calling-ai-voice-assistant-smartwatch/p/itm951e094061071?pid=SMWGEH7WGUSZCT4W&lid=LSTSMWGEH7WGUSZCT4WUGZAKG&marketplace=FLIPKART&store=ajy&srno=b_1_13&otracker=browse&fm=organic&iid=af2b58d3-beab-433c-bee9-0ad391f8cf41.SMWGEH7WGUSZCT4W.SEARCH&ppt=browse&ppn=browse&ssid=4fk93emf400000001748160795286 HTTP/1.1" 200 None
[DEBUG] 2025-05-26 12:01:42 - Starting new HTTPS connection (1): www.flipkart.com:443
[DEBUG] 2025-05-26 12:01:43 - https://www.flipkart.com:443 "GET /noise-colorfit-icon-2-1-8-display-bluetooth-calling-ai-voice-assistant-smartwatch/p/itm951e094061071?pid=SMWGEH7WGUSZCT4W&lid=LSTSMWGEH7WGUSZCT4WUGZAKG&marketplace=FLIPKART&store=ajy&srno=b_1_13&otracker=browse&fm=organic&iid=af2b58d3-beab-433c-bee9-0ad391f8cf41.SMWGEH7WGUSZCT4W.SEARCH&ppt=browse&ppn=browse&ssid=4fk93emf400000001748160795286 HTTP/1.1" 200 None
[DEBUG] 2025-05-26 12:01:44 - Starting new HTTPS connection (1): www.flipkart.com:443
[DEBUG] 2025-05-26 12:01:44 - https://www.flipkart.com:443 "GET /apple-iphone-16-black-128-gb/p/itmb07d67f995271?pid=MOBH4DQFG8NKFRDY&lid=LSTMOBH4DQFG8NKFRDYNBDOZI&marketplace=FLIPKART&q=iphone+16&store=tyy%2F4io&spotlightTagId=default_BestsellerId_tyy%2F4io&srno=s_1_1&otracker=AS_QueryStore_OrganicAutoSuggest_2_5_na_na_na&otracker1=AS_QueryStore_OrganicAutoSuggest_2_5_na_na_na&fm=search-autosuggest&iid=3211bec0-5b98-419a-8e5c-e71f11c719e4.MOBH4DQFG8NKFRDY.SEARCH&ppt=sp&ppn=sp&ssid=aihmmp63vk0000001748161159430&qH=9ea15d2374058112 HTTP/1.1" 200 None
[INFO] 2025-05-26 12:01:50 - Starting price check...
[DEBUG] 2025-05-26 12:01:50 - Starting new HTTPS connection (1): www.flipkart.com:443
[DEBUG] 2025-05-26 12:01:51 - https://www.flipkart.com:443 "GET /noise-colorfit-icon-2-1-8-display-bluetooth-calling-ai-voice-assistant-smartwatch/p/itm951e094061071?pid=SMWGEH7WGUSZCT4W&lid=LSTSMWGEH7WGUSZCT4WUGZAKG&marketplace=FLIPKART&store=ajy&srno=b_1_13&otracker=browse&fm=organic&iid=af2b58d3-beab-433c-bee9-0ad391f8cf41.SMWGEH7WGUSZCT4W.SEARCH&ppt=browse&ppn=browse&ssid=4fk93emf400000001748160795286 HTTP/1.1" 200 None
[DEBUG] 2025-05-26 12:01:58 - Starting new HTTPS connection (1): www.flipkart.com:443
[DEBUG] 2025-05-26 12:01:59 - https://www.flipkart.com:443 "GET /apple-iphone-16-black-128-gb/p/itmb07d67f995271?pid=MOBH4DQFG8NKFRDY&lid=LSTMOBH4DQFG8NKFRDYNBDOZI&marketplace=FLIPKART&q=iphone+16&store=tyy%2F4io&spotlightTagId=default_BestsellerId_tyy%2F4io&srno=s_1_1&otracker=AS_QueryStore_OrganicAutoSuggest_2_5_na_na_na&otracker1=AS_QueryStore_OrganicAutoSuggest_2_5_na_na_na&fm=search-autosuggest&iid=3211bec0-5b98-419a-8e5c-e71f11c719e4.MOBH4DQFG8NKFRDY.SEARCH&ppt=sp&ppn=sp&ssid=aihmmp63vk0000001748161159430&qH=9ea15d2374058112 HTTP/1.1" 200 None
[INFO] 2025-05-26 12:02:05 - Price check completed.
[INFO] 2025-05-26 12:02:05 - Scheduled every 1 hours.
[DEBUG] 2025-05-26 12:10:11 - Starting new HTTPS connection (1): www.flipkart.com:443
[DEBUG] 2025-05-26 12:10:12 - https://www.flipkart.com:443 "GET /noise-colorfit-icon-2-1-8-display-bluetooth-calling-ai-voice-assistant-smartwatch/p/itm951e094061071?pid=SMWGEH7WGUSZCT4W&lid=LSTSMWGEH7WGUSZCT4WUGZAKG&marketplace=FLIPKART&store=ajy&srno=b_1_13&otracker=browse&fm=organic&iid=af2b58d3-beab-433c-bee9-0ad391f8cf41.SMWGEH7WGUSZCT4W.SEARCH&ppt=browse&ppn=browse&ssid=4fk93emf400000001748160795286 HTTP/1.1" 200 None
[DEBUG] 2025-05-26 12:10:13 - Starting new HTTPS connection (1): www.flipkart.com:443
[DEBUG] 2025-05-26 12:10:13 - https://www.flipkart.com:443 "GET /apple-iphone-16-black-128-gb/p/itmb07d67f995271?pid=MOBH4DQFG8NKFRDY&lid=LSTMOBH4DQFG8NKFRDYNBDOZI&marketplace=FLIPKART&q=iphone+16&store=tyy%2F4io&spotlightTagId=default_BestsellerId_tyy%2F4io&srno=s_1_1&otracker=AS_QueryStore_OrganicAutoSuggest_2_5_na_na_na&otracker1=AS_QueryStore_OrganicAutoSuggest_2_5_na_na_na&fm=search-autosuggest&iid=3211bec0-5b98-419a-8e5c-e71f11c719e4.MOBH4DQFG8NKFRDY.SEARCH&ppt=sp&ppn=sp&ssid=aihmmp63vk0000001748161159430&qH=9ea15d2374058112 HTTP/1.1" 200 None
[INFO] 2025-05-26 12:10:19 - Starting price check...
[DEBUG] 2025-05-26 12:10:19 - Starting new HTTPS connection (1): www.flipkart.com:443
[DEBUG] 2025-05-26 12:10:20 - https://www.flipkart.com:443 "GET /noise-colorfit-icon-2-1-8-display-bluetooth-calling-ai-voice-assistant-smartwatch/p/itm951e094061071?pid=SMWGEH7WGUSZCT4W&lid=LSTSMWGEH7WGUSZCT4WUGZAKG&marketplace=FLIPKART&store=ajy&srno=b_1_13&otracker=browse&fm=organic&iid=af2b58d3-beab-433c-bee9-0ad391f8cf41.SMWGEH7WGUSZCT4W.SEARCH&ppt=browse&ppn=browse&ssid=4fk93emf400000001748160795286 HTTP/1.1" 200 None
[DEBUG] 2025-05-26 12:10:27 - Starting new HTTPS connection (1): www.flipkart.com:443
[DEBUG] 2025-05-26 12:10:29 - https://www.flipkart.com:443 "GET /apple-iphone-16-black-128-gb/p/itmb07d67f995271?pid=MOBH4DQFG8NKFRDY&lid=LSTMOBH4DQFG8NKFRDYNBDOZI&marketplace=FLIPKART&q=iphone+16&store=tyy%2F4io&spotlightTagId=default_BestsellerId_tyy%2F4io&srno=s_1_1&otracker=AS_QueryStore_OrganicAutoSuggest_2_5_na_na_na&otracker1=AS_QueryStore_OrganicAutoSuggest_2_5_na_na_na&fm=search-autosuggest&iid=3211bec0-5b98-419a-8e5c-e71f11c719e4.MOBH4DQFG8NKFRDY.SEARCH&ppt=sp&ppn=sp&ssid=aihmmp63vk0000001748161159430&qH=9ea15d2374058112 HTTP/1.1" 200 None
[INFO] 2025-05-26 12:10:37 - Price check completed.
[INFO] 2025-05-26 12:10:37 - Scheduled every 1 hours.
